<?xml version="1.0" encoding="UTF-8"?>
<!-- Generated by org.testng.reporters.JUnitXMLReporter -->
<testsuite ignored="0" hostname="LAPTOP-JS5I301N" failures="1" tests="3" name="Test Homepage" time="78.364" errors="0" timestamp="2022-02-09T10:42:01 IST">
  <testcase classname="Testcasefolder.LoginTest" name="UserLoginTest" time="55.753"/>
  <testcase classname="Testcasefolder.LoginTest" name="VerifyLogin" time="2.029"/>
  <testcase classname="Testcasefolder.LoginTest" name="Verify_WTitle" time="0.001">
    <failure type="java.lang.NullPointerException">
      <![CDATA[java.lang.NullPointerException
at pageobjects.loginpageobject.click_title(loginpageobject.java:177)
at Testcasefolder.LoginTest.Verify_WTitle(LoginTest.java:68)
at java.base/java.util.ArrayList.forEach(ArrayList.java:1540)
... Removed 27 stack frames]]>
    </failure>
  </testcase> <!-- Verify_WTitle -->
</testsuite> <!-- Test Homepage -->
